\BOOKMARK [1][-]{section.1}{Question and Goals}{}% 1
\BOOKMARK [2][-]{subsection.1.1}{The Problem}{section.1}% 2
\BOOKMARK [2][-]{subsection.1.2}{Metrics}{section.1}% 3
\BOOKMARK [2][-]{subsection.1.3}{Goals}{section.1}% 4
\BOOKMARK [1][-]{section.2}{Dataset}{}% 5
\BOOKMARK [2][-]{subsection.2.1}{Preliminary Analysis}{section.2}% 6
\BOOKMARK [2][-]{subsection.2.2}{Extracting Basic Features}{section.2}% 7
\BOOKMARK [3][-]{subsubsection.2.2.1}{Trying To Find A Correlation}{subsection.2.2}% 8
\BOOKMARK [1][-]{section.3}{Testing Framework}{}% 9
\BOOKMARK [1][-]{section.4}{Models}{}% 10
\BOOKMARK [2][-]{subsection.4.1}{Bonehead Model}{section.4}% 11
\BOOKMARK [2][-]{subsection.4.2}{More Features and a Different Learner}{section.4}% 12
\BOOKMARK [2][-]{subsection.4.3}{7-Class classification}{section.4}% 13
\BOOKMARK [1][-]{section.5}{Fourier Analysis}{}% 14
\BOOKMARK [2][-]{subsection.5.1}{Principal Frequencies}{section.5}% 15
\BOOKMARK [2][-]{subsection.5.2}{Outlier Detection}{section.5}% 16
\BOOKMARK [2][-]{subsection.5.3}{Fourier Spectra}{section.5}% 17
\BOOKMARK [1][-]{section.6}{Future Plan}{}% 18
\BOOKMARK [2][-]{subsection.6.1}{Using bivariate features}{section.6}% 19
\BOOKMARK [2][-]{subsection.6.2}{Fourier spectra as features to logistic regression model}{section.6}% 20
\BOOKMARK [2][-]{subsection.6.3}{Fourier SVM}{section.6}% 21
