\BOOKMARK [1][-]{section.1}{Introduction}{}% 1
\BOOKMARK [2][-]{subsection.1.1}{Background and Motivation}{section.1}% 2
\BOOKMARK [2][-]{subsection.1.2}{The Problem}{section.1}% 3
\BOOKMARK [2][-]{subsection.1.3}{Metrics}{section.1}% 4
\BOOKMARK [2][-]{subsection.1.4}{Goals}{section.1}% 5
\BOOKMARK [1][-]{section.2}{Dataset}{}% 6
\BOOKMARK [2][-]{subsection.2.1}{Preliminary Analysis}{section.2}% 7
\BOOKMARK [2][-]{subsection.2.2}{Extracting Basic Features}{section.2}% 8
\BOOKMARK [3][-]{subsubsection.2.2.1}{Trying To Find A Correlation}{subsection.2.2}% 9
\BOOKMARK [1][-]{section.3}{Proposed Methods and Features}{}% 10
\BOOKMARK [2][-]{subsection.3.1}{7-Class classification}{section.3}% 11
\BOOKMARK [2][-]{subsection.3.2}{Fourier Analysis}{section.3}% 12
\BOOKMARK [3][-]{subsubsection.3.2.1}{Principal Frequencies}{subsection.3.2}% 13
\BOOKMARK [3][-]{subsubsection.3.2.2}{Outlier Detection}{subsection.3.2}% 14
\BOOKMARK [3][-]{subsubsection.3.2.3}{Fourier Spectra}{subsection.3.2}% 15
\BOOKMARK [3][-]{subsubsection.3.2.4}{Using bivariate features}{subsection.3.2}% 16
\BOOKMARK [1][-]{section.4}{Experiments}{}% 17
\BOOKMARK [2][-]{subsection.4.1}{Types Of Features Used}{section.4}% 18
\BOOKMARK [2][-]{subsection.4.2}{Testing Framework}{section.4}% 19
\BOOKMARK [2][-]{subsection.4.3}{Bonehead Model}{section.4}% 20
\BOOKMARK [2][-]{subsection.4.4}{Regression Trees}{section.4}% 21
\BOOKMARK [2][-]{subsection.4.5}{SVM}{section.4}% 22
\BOOKMARK [3][-]{subsubsection.4.5.1}{Linear SVM}{subsection.4.5}% 23
\BOOKMARK [3][-]{subsubsection.4.5.2}{RBF Kernel SVM}{subsection.4.5}% 24
\BOOKMARK [2][-]{subsection.4.6}{Ensemble Methods\(Adaboost\)}{section.4}% 25
\BOOKMARK [1][-]{section.5}{Conclusions}{}% 26
\BOOKMARK [1][-]{section.6}{Future Work}{}% 27
\BOOKMARK [1][-]{appendix.A}{Classifier Results}{}% 28
